<?xml version="1.0" encoding="UTF-8"?>
<!-- Generated by org.testng.reporters.JUnitReportReporter -->
<testsuite skipped="0" hostname="DESKTOP-S9V7ATA" name="Rishpooja.HomeTest" tests="2" failures="0" timestamp="2019-10-04T13:27:38 EDT" time="24.157" errors="0">
  <testcase name="basePageNavigation" time="19.088" classname="Rishpooja.HomeTest"/>
  <testcase name="basePageNavigation" time="5.069" classname="Rishpooja.HomeTest"/>
</testsuite> <!-- Rishpooja.HomeTest -->
